Array
(
    [DOMAIN] => cloud.local
    [PROTOCOL] => 0
    [LANG] => ru
    [APP_SID] => fc86ab5ebf9584c079025db72442ed9a
    [AUTH_ID] => 7cbc2d680000001400000011000000017062070bab682ae6d8f2c8c5b074c1ec0fb70e
    [AUTH_EXPIRES] => 3600
    [REFRESH_ID] => 6c3b55680000001400000011000000017062079c1a29f759413bc8c934e02555e0f15a
    [member_id] => e8857f161a1a8288f312b6cc6ad67995
    [status] => L
    [PLACEMENT] => DEFAULT
)
Array
(
    [rest_only] => 
    [install] => 1
)
Array
(
    [error] => ERROR_CORE
    [error_description] => Unable to set placement handler: Handler already binded
)
Array
(
    [DOMAIN] => cloud.local
    [PROTOCOL] => 0
    [LANG] => ru
    [APP_SID] => 2ad5442162378dbb1965e93decb40ab0
    [AUTH_ID] => 0ecd2d68000000140000001100000001706207806e1297d4e9372f96459caa90eb46fd
    [AUTH_EXPIRES] => 3600
    [REFRESH_ID] => fe4b55680000001400000011000000017062074d89f48f6709d8063b518eec01d1046d
    [member_id] => e8857f161a1a8288f312b6cc6ad67995
    [status] => L
    [PLACEMENT] => DEFAULT
)
Array
(
    [rest_only] => 
    [install] => 1
)
Array
(
    [error] => ERROR_CORE
    [error_description] => Unable to set placement handler: Handler already binded
)
Array
(
    [DOMAIN] => cloud.local
    [PROTOCOL] => 0
    [LANG] => ru
    [APP_SID] => 0132082b4cdf8e6b9be5ca9f7ae57ccb
    [AUTH_ID] => 4ae72d6800000014000000110000000170620768631b4c1e43694af58c27c9ad68043d
    [AUTH_EXPIRES] => 3600
    [REFRESH_ID] => 3a665568000000140000001100000001706207998015980b43cf889bbf5767f5ac9b9b
    [member_id] => e8857f161a1a8288f312b6cc6ad67995
    [status] => L
    [PLACEMENT] => DEFAULT
)
Array
(
    [rest_only] => 
    [install] => 1
)
Array
(
    [error] => ERROR_CORE
    [error_description] => Unable to set placement handler: Handler already binded
)
Array
(
    [DOMAIN] => cloud.local
    [PROTOCOL] => 0
    [LANG] => ru
    [APP_SID] => d4a89149fcbb2500aa964e5bddf3e4b1
    [AUTH_ID] => ac5c5a68000000140000001100000001706207385bd9c9870721d2febf6ecb93c29808
    [AUTH_EXPIRES] => 3600
    [REFRESH_ID] => 9cdb8168000000140000001100000001706207b806933263320e5c77bb530f2bc88b19
    [member_id] => e8857f161a1a8288f312b6cc6ad67995
    [status] => L
    [PLACEMENT] => DEFAULT
)
Array
(
    [rest_only] => 
    [install] => 1
)
Array
(
    [error] => ERROR_CORE
    [error_description] => Unable to set placement handler: Handler already binded
)
Array
(
    [DOMAIN] => cloud.local
    [PROTOCOL] => 0
    [LANG] => ru
    [APP_SID] => 9e4dc0f7a8a6c629cea5ec036c1ed799
    [AUTH_ID] => be5d5a680000001400000011000000017062076c1faaa95a98e5de1415f7bdc9a3959d
    [AUTH_EXPIRES] => 3600
    [REFRESH_ID] => aedc81680000001400000011000000017062077dd3110c2f62838d70afa9f8e84a3ac3
    [member_id] => e8857f161a1a8288f312b6cc6ad67995
    [status] => L
    [PLACEMENT] => DEFAULT
)
Array
(
    [rest_only] => 
    [install] => 1
)
Array
(
    [error] => ERROR_CORE
    [error_description] => Unable to set placement handler: Handler already binded
)
