Array
(
    [method] => crm.item.add
    [params] => Array
        (
            [entityTypeId] => 1032
            [fields] => Array
                (
                    [title] => time: 1747829062
                )

            [auth] => 0ecd2d68000000140000001100000001706207806e1297d4e9372f96459caa90eb46fd
        )

)

Array
(
    [method] => bizproc.event.send
    [params] => Array
        (
            [EVENT_TOKEN] => 682dc1464f9674.61808382|A56402_18501_56339_25472|EEQr8LsoSrydnVFEDK2Kh972TwjdfNqn.86f503c806dc2f3166ff44169900bb817a5f2e8a29dae04b8354b0afdfdca5e2
            [RETURN_VALUES] => Array
                (
                    [outString] => 12
                )

            [auth] => 0ecd2d68000000140000001100000001706207806e1297d4e9372f96459caa90eb46fd
        )

)

0ecd2d68000000140000001100000001706207806e1297d4e9372f96459caa90eb46fd
0ecd2d68000000140000001100000001706207806e1297d4e9372f96459caa90eb46fd
0ecd2d68000000140000001100000001706207806e1297d4e9372f96459caa90eb46fd
0ecd2d68000000140000001100000001706207806e1297d4e9372f96459caa90eb46fd
0ecd2d68000000140000001100000001706207806e1297d4e9372f96459caa90eb46fd

0ecd2d68000000140000001100000001706207806e1297d4e9372f96459caa90eb46fd
0ecd2d68000000140000001100000001706207806e1297d4e9372f96459caa90eb46fd

0ecd2d68000000140000001100000001706207806e1297d4e9372f96459caa90eb46fd
4ae72d6800000014000000110000000170620768631b4c1e43694af58c27c9ad68043d
4ae72d6800000014000000110000000170620768631b4c1e43694af58c27c9ad68043d
4ae72d6800000014000000110000000170620768631b4c1e43694af58c27c9ad68043d
4ae72d6800000014000000110000000170620768631b4c1e43694af58c27c9ad68043d

4ae72d6800000014000000110000000170620768631b4c1e43694af58c27c9ad68043d
4ae72d6800000014000000110000000170620768631b4c1e43694af58c27c9ad68043d

4ae72d6800000014000000110000000170620768631b4c1e43694af58c27c9ad68043d
