Array
(
    [page] => event_handler
    [event] => ONSUBSCRIPTIONRENEW
    [event_handler_id] => 12
    [ts] => 1750837969
    [auth] => Array
        (
            [access_token] => e1b85b6800000014000000110000000100000775ecdec0293f595fbd80269c983c77d2
            [expires] => 1750841569
            [expires_in] => 3600
            [scope] => crm,placement,intranet,bizproc,user,user_brief,user_basic,user.userfield,userconsent,userfieldconfig,task,tasks_extended,tasks,tasksmobile
            [domain] => cloud.local
            [server_endpoint] => http://oauth.local/rest/
            [status] => L
            [client_endpoint] => http://cloud.local/rest/
            [member_id] => e8857f161a1a8288f312b6cc6ad67995
            [user_id] => 1
            [refresh_token] => d1378368000000140000001100000001000007493133814438940cc7137a326d071559
            [application_token] => 168e2bfe871d7b1135e7142a7f4ea760
        )

)

